<?xml version="1.0" encoding="UTF-8"?>
<!-- Generated by org.testng.reporters.JUnitReportReporter -->
<testsuite skipped="0" hostname="DESKTOP-QA8IEH0" name="com.edisapp.testCases.TC_LoginTest_001" tests="1" failures="0" timestamp="2021-01-04T16:34:37 IST" time="5.343" errors="0">
  <testcase name="loginTest" time="5.343" classname="com.edisapp.testCases.TC_LoginTest_001"/>
  <system-out/>
</testsuite> <!-- com.edisapp.testCases.TC_LoginTest_001 -->
