<?xml version="1.0" encoding="UTF-8"?>
<!-- Generated by org.testng.reporters.JUnitReportReporter -->
<testsuite skipped="0" hostname="DESKTOP-QA8IEH0" name="Eloit.Logintg" tests="1" failures="0" timestamp="2020-12-26T10:39:44 IST" time="9.280" errors="0">
  <testcase name="login" time="9.280" classname="Eloit.Logintg"/>
</testsuite> <!-- Eloit.Logintg -->
