<?xml version="1.0" encoding="UTF-8"?>
<!-- Generated by org.testng.reporters.JUnitReportReporter -->
<testsuite skipped="0" hostname="DESKTOP-QA8IEH0" name="tintu.NewTestAssert" tests="1" failures="0" timestamp="2020-02-17T15:39:59 IST" time="11.680" errors="0">
  <testcase name="facebook" time="11.680" classname="tintu.NewTestAssert"/>
</testsuite> <!-- tintu.NewTestAssert -->
